2025-09-09 16:19:34.228 [INFO ] [background-preinit] [traceId=] org.hibernate.validator.internal.util.Version - HV000001: Hibernate Validator 6.2.4.Final
2025-09-09 16:19:34.434 [INFO ] [restartedMain] [traceId=] com.aaa.notes.NotesApplication - Starting NotesApplication using Java 21.0.7 on JP-PF50FFM9 with PID 27160 (C:\Users\mingzhi.huang\Desktop\projects\java_pratice1\note_prj\notes\target\classes started by mingzhi.huang in C:\Users\mingzhi.huang\Desktop\projects\java_pratice1\note_prj\notes)
2025-09-09 16:19:34.447 [INFO ] [restartedMain] [traceId=] com.aaa.notes.NotesApplication - The following 1 profile is active: "dev"
2025-09-09 16:19:34.713 [INFO ] [restartedMain] [traceId=] org.springframework.boot.devtools.restart.ChangeableUrls - The Class-Path manifest attribute in C:\Users\mingzhi.huang\.m2\repository\org\glassfish\jaxb\jaxb-runtime\2.3.2\jaxb-runtime-2.3.2.jar referenced one or more files that do not exist: file:/C:/Users/mingzhi.huang/.m2/repository/org/glassfish/jaxb/jaxb-runtime/2.3.2/jakarta.xml.bind-api-2.3.2.jar,file:/C:/Users/mingzhi.huang/.m2/repository/org/glassfish/jaxb/jaxb-runtime/2.3.2/txw2-2.3.2.jar,file:/C:/Users/mingzhi.huang/.m2/repository/org/glassfish/jaxb/jaxb-runtime/2.3.2/istack-commons-runtime-3.0.8.jar,file:/C:/Users/mingzhi.huang/.m2/repository/org/glassfish/jaxb/jaxb-runtime/2.3.2/stax-ex-1.8.1.jar,file:/C:/Users/mingzhi.huang/.m2/repository/org/glassfish/jaxb/jaxb-runtime/2.3.2/FastInfoset-1.2.16.jar,file:/C:/Users/mingzhi.huang/.m2/repository/org/glassfish/jaxb/jaxb-runtime/2.3.2/jakarta.activation-api-1.2.1.jar
2025-09-09 16:19:34.715 [INFO ] [restartedMain] [traceId=] org.springframework.boot.devtools.env.DevToolsPropertyDefaultsPostProcessor - Devtools property defaults active! Set 'spring.devtools.add-properties' to 'false' to disable
2025-09-09 16:19:34.716 [INFO ] [restartedMain] [traceId=] org.springframework.boot.devtools.env.DevToolsPropertyDefaultsPostProcessor - For additional web related logging consider setting the 'logging.level.web' property to 'DEBUG'
2025-09-09 16:19:37.982 [INFO ] [restartedMain] [traceId=] org.springframework.data.repository.config.RepositoryConfigurationDelegate - Multiple Spring Data modules found, entering strict repository configuration mode
2025-09-09 16:19:37.994 [INFO ] [restartedMain] [traceId=] org.springframework.data.repository.config.RepositoryConfigurationDelegate - Bootstrapping Spring Data Redis repositories in DEFAULT mode.
2025-09-09 16:19:38.351 [INFO ] [restartedMain] [traceId=] org.springframework.data.repository.config.RepositoryConfigurationDelegate - Finished Spring Data repository scanning in 328 ms. Found 0 Redis repository interfaces.
2025-09-09 16:19:41.298 [INFO ] [restartedMain] [traceId=] org.springframework.boot.web.embedded.tomcat.TomcatWebServer - Tomcat initialized with port(s): 8080 (http)
2025-09-09 16:19:41.316 [INFO ] [restartedMain] [traceId=] org.apache.coyote.http11.Http11NioProtocol - Initializing ProtocolHandler ["http-nio-8080"]
2025-09-09 16:19:41.323 [INFO ] [restartedMain] [traceId=] org.apache.catalina.core.StandardService - Starting service [Tomcat]
2025-09-09 16:19:41.324 [INFO ] [restartedMain] [traceId=] org.apache.catalina.core.StandardEngine - Starting Servlet engine: [Apache Tomcat/9.0.83]
2025-09-09 16:19:41.735 [INFO ] [restartedMain] [traceId=] org.apache.catalina.core.ContainerBase.[Tomcat].[localhost].[/] - Initializing Spring embedded WebApplicationContext
2025-09-09 16:19:41.736 [INFO ] [restartedMain] [traceId=] org.springframework.boot.web.servlet.context.ServletWebServerApplicationContext - Root WebApplicationContext: initialization completed in 7017 ms
2025-09-09 16:19:45.403 [WARN ] [restartedMain] [traceId=02a60617-1159-4cd9-adf7-9fda163d73a6] org.springframework.boot.autoconfigure.security.servlet.UserDetailsServiceAutoConfiguration - 

Using generated security password: ac9629d5-20d0-4035-8c8f-d3f2d1fb1df0

This generated password is for development use only. Your security configuration must be updated before running your application in production.

2025-09-09 16:19:45.818 [INFO ] [restartedMain] [traceId=02a60617-1159-4cd9-adf7-9fda163d73a6] org.springframework.security.web.DefaultSecurityFilterChain - Will secure any request with [org.springframework.security.web.session.DisableEncodeUrlFilter@34fa8046, org.springframework.security.web.context.request.async.WebAsyncManagerIntegrationFilter@6b10beeb, org.springframework.security.web.context.SecurityContextPersistenceFilter@4481fcde, org.springframework.security.web.header.HeaderWriterFilter@103d7768, org.springframework.web.filter.CorsFilter@718c0772, org.springframework.security.web.authentication.logout.LogoutFilter@743f87e1, org.springframework.security.web.savedrequest.RequestCacheAwareFilter@80426de, org.springframework.security.web.servletapi.SecurityContextHolderAwareRequestFilter@6d8b877e, org.springframework.security.web.authentication.AnonymousAuthenticationFilter@f9d80af, org.springframework.security.web.session.SessionManagementFilter@d854057, org.springframework.security.web.access.ExceptionTranslationFilter@75b944b8, org.springframework.security.web.access.intercept.FilterSecurityInterceptor@586dd59d]
2025-09-09 16:19:47.820 [INFO ] [restartedMain] [traceId=02a60617-1159-4cd9-adf7-9fda163d73a6] org.springframework.boot.devtools.autoconfigure.OptionalLiveReloadServer - LiveReload server is running on port 35729
2025-09-09 16:19:47.851 [INFO ] [restartedMain] [traceId=02a60617-1159-4cd9-adf7-9fda163d73a6] org.apache.coyote.http11.Http11NioProtocol - Starting ProtocolHandler ["http-nio-8080"]
2025-09-09 16:19:47.936 [INFO ] [restartedMain] [traceId=02a60617-1159-4cd9-adf7-9fda163d73a6] org.springframework.boot.web.embedded.tomcat.TomcatWebServer - Tomcat started on port(s): 8080 (http) with context path ''
2025-09-09 16:19:47.964 [INFO ] [restartedMain] [traceId=02a60617-1159-4cd9-adf7-9fda163d73a6] com.aaa.notes.NotesApplication - Started NotesApplication in 14.357 seconds (JVM running for 16.813)
2025-09-09 16:25:57.382 [INFO ] [http-nio-8080-exec-1] [traceId=] org.apache.catalina.core.ContainerBase.[Tomcat].[localhost].[/] - Initializing Spring DispatcherServlet 'dispatcherServlet'
2025-09-09 16:25:57.382 [INFO ] [http-nio-8080-exec-1] [traceId=] org.springframework.web.servlet.DispatcherServlet - Initializing Servlet 'dispatcherServlet'
2025-09-09 16:25:57.382 [INFO ] [http-nio-8080-exec-1] [traceId=] org.springframework.web.servlet.DispatcherServlet - Completed initialization in 0 ms
2025-09-09 16:26:14.973 [INFO ] [http-nio-8080-exec-3] [traceId=] org.apache.tomcat.util.http.parser.Cookie - A cookie header was received [Hm_lvt_2ea20ae8da307f7b54137ae9b4fc95b0=1754545084,1756873364] that contained an invalid cookie. That cookie will be ignored.
 Note: further occurrences of this error will be logged at DEBUG level.
